[0.009s] Invoking command in '/home/parallels/projects/pick_and_place/build/pick_and_place': CMAKE_PREFIX_PATH=/opt/ros/humble /usr/bin/cmake /home/parallels/projects/pick_and_place/src/pick_and_place -DCMAKE_INSTALL_PREFIX=/home/parallels/projects/pick_and_place/install/pick_and_place
[0.180s] -- The C compiler identification is GNU 11.4.0
[0.253s] -- The CXX compiler identification is GNU 11.4.0
[0.258s] -- Detecting C compiler ABI info
[0.298s] -- Detecting C compiler ABI info - done
[0.302s] -- Check for working C compiler: /usr/bin/cc - skipped
[0.302s] -- Detecting C compile features
[0.302s] -- Detecting C compile features - done
[0.304s] -- Detecting CXX compiler ABI info
[0.343s] -- Detecting CXX compiler ABI info - done
[0.347s] -- Check for working CXX compiler: /usr/bin/c++ - skipped
[0.347s] -- Detecting CXX compile features
[0.347s] -- Detecting CXX compile features - done
[0.352s] -- Found ament_cmake: 1.3.10 (/opt/ros/humble/share/ament_cmake/cmake)
[0.421s] -- Found Python3: /usr/bin/python3 (found version "3.10.12") found components: Interpreter 
[0.469s] -- Found ament_lint_auto: 0.12.11 (/opt/ros/humble/share/ament_lint_auto/cmake)
[0.510s] -- Added test 'lint_cmake' to check CMake code style
[0.511s] -- Added test 'xmllint' to check XML markup files
[0.512s] -- Configuring done
[0.516s] -- Generating done
[0.518s] -- Build files have been written to: /home/parallels/projects/pick_and_place/build/pick_and_place
[0.521s] Invoked command in '/home/parallels/projects/pick_and_place/build/pick_and_place' returned '0': CMAKE_PREFIX_PATH=/opt/ros/humble /usr/bin/cmake /home/parallels/projects/pick_and_place/src/pick_and_place -DCMAKE_INSTALL_PREFIX=/home/parallels/projects/pick_and_place/install/pick_and_place
[0.522s] Invoking command in '/home/parallels/projects/pick_and_place/build/pick_and_place': CMAKE_PREFIX_PATH=/opt/ros/humble /usr/bin/cmake --build /home/parallels/projects/pick_and_place/build/pick_and_place -- -j2 -l2
[0.537s] Invoked command in '/home/parallels/projects/pick_and_place/build/pick_and_place' returned '0': CMAKE_PREFIX_PATH=/opt/ros/humble /usr/bin/cmake --build /home/parallels/projects/pick_and_place/build/pick_and_place -- -j2 -l2
[0.552s] Invoking command in '/home/parallels/projects/pick_and_place/build/pick_and_place': CMAKE_PREFIX_PATH=/opt/ros/humble /usr/bin/cmake --install /home/parallels/projects/pick_and_place/build/pick_and_place
[0.554s] -- Install configuration: ""
[0.555s] -- Installing: /home/parallels/projects/pick_and_place/install/pick_and_place/share/ament_index/resource_index/package_run_dependencies/pick_and_place
[0.555s] -- Installing: /home/parallels/projects/pick_and_place/install/pick_and_place/share/ament_index/resource_index/parent_prefix_path/pick_and_place
[0.556s] -- Installing: /home/parallels/projects/pick_and_place/install/pick_and_place/share/pick_and_place/environment/ament_prefix_path.sh
[0.556s] -- Installing: /home/parallels/projects/pick_and_place/install/pick_and_place/share/pick_and_place/environment/ament_prefix_path.dsv
[0.556s] -- Installing: /home/parallels/projects/pick_and_place/install/pick_and_place/share/pick_and_place/environment/path.sh
[0.556s] -- Installing: /home/parallels/projects/pick_and_place/install/pick_and_place/share/pick_and_place/environment/path.dsv
[0.557s] -- Installing: /home/parallels/projects/pick_and_place/install/pick_and_place/share/pick_and_place/local_setup.bash
[0.557s] -- Installing: /home/parallels/projects/pick_and_place/install/pick_and_place/share/pick_and_place/local_setup.sh
[0.557s] -- Installing: /home/parallels/projects/pick_and_place/install/pick_and_place/share/pick_and_place/local_setup.zsh
[0.557s] -- Installing: /home/parallels/projects/pick_and_place/install/pick_and_place/share/pick_and_place/local_setup.dsv
[0.557s] -- Installing: /home/parallels/projects/pick_and_place/install/pick_and_place/share/pick_and_place/package.dsv
[0.558s] -- Installing: /home/parallels/projects/pick_and_place/install/pick_and_place/share/ament_index/resource_index/packages/pick_and_place
[0.558s] -- Installing: /home/parallels/projects/pick_and_place/install/pick_and_place/share/pick_and_place/cmake/pick_and_placeConfig.cmake
[0.558s] -- Installing: /home/parallels/projects/pick_and_place/install/pick_and_place/share/pick_and_place/cmake/pick_and_placeConfig-version.cmake
[0.558s] -- Installing: /home/parallels/projects/pick_and_place/install/pick_and_place/share/pick_and_place/package.xml
[0.559s] Invoked command in '/home/parallels/projects/pick_and_place/build/pick_and_place' returned '0': CMAKE_PREFIX_PATH=/opt/ros/humble /usr/bin/cmake --install /home/parallels/projects/pick_and_place/build/pick_and_place
