[0.133s] DEBUG:colcon:Command line arguments: ['/usr/bin/colcon', 'build']
[0.133s] DEBUG:colcon:Parsed command line arguments: Namespace(log_base=None, log_level=None, verb_name='build', build_base='build', install_base='install', merge_install=False, symlink_install=False, test_result_base=None, continue_on_error=False, executor='parallel', parallel_workers=2, event_handlers=None, ignore_user_meta=False, metas=['./colcon.meta'], base_paths=['.'], packages_ignore=None, packages_ignore_regex=None, paths=None, packages_up_to=None, packages_up_to_regex=None, packages_above=None, packages_above_and_dependencies=None, packages_above_depth=None, packages_select_by_dep=None, packages_skip_by_dep=None, packages_skip_up_to=None, packages_select_build_failed=False, packages_skip_build_finished=False, packages_select_test_failures=False, packages_skip_test_passed=False, packages_select=None, packages_skip=None, packages_select_regex=None, packages_skip_regex=None, packages_start=None, packages_end=None, allow_overriding=[], cmake_args=None, cmake_target=None, cmake_target_skip_unavailable=False, cmake_clean_cache=False, cmake_clean_first=False, cmake_force_configure=False, ament_cmake_args=None, catkin_cmake_args=None, catkin_skip_building_tests=False, verb_parser=<colcon_defaults.argument_parser.defaults.DefaultArgumentsDecorator object at 0xffff81bc41f0>, verb_extension=<colcon_core.verb.build.BuildVerb object at 0xffff81b8fd60>, main=<bound method BuildVerb.main of <colcon_core.verb.build.BuildVerb object at 0xffff81b8fd60>>)
[0.263s] Level 1:colcon.colcon_core.package_discovery:discover_packages(colcon_meta) check parameters
[0.263s] Level 1:colcon.colcon_core.package_discovery:discover_packages(recursive) check parameters
[0.263s] Level 1:colcon.colcon_core.package_discovery:discover_packages(ignore) check parameters
[0.263s] Level 1:colcon.colcon_core.package_discovery:discover_packages(path) check parameters
[0.263s] Level 1:colcon.colcon_core.package_discovery:discover_packages(colcon_meta) discover
[0.263s] Level 1:colcon.colcon_core.package_discovery:discover_packages(recursive) discover
[0.263s] INFO:colcon.colcon_core.package_discovery:Crawling recursively for packages in '/home/parallels/projects/pick_and_place'
[0.263s] Level 1:colcon.colcon_core.package_identification:_identify(.) by extensions ['ignore', 'ignore_ament_install']
[0.263s] Level 1:colcon.colcon_core.package_identification:_identify(.) by extension 'ignore'
[0.264s] Level 1:colcon.colcon_core.package_identification:_identify(.) by extension 'ignore_ament_install'
[0.264s] Level 1:colcon.colcon_core.package_identification:_identify(.) by extensions ['colcon_pkg']
[0.264s] Level 1:colcon.colcon_core.package_identification:_identify(.) by extension 'colcon_pkg'
[0.264s] Level 1:colcon.colcon_core.package_identification:_identify(.) by extensions ['colcon_meta']
[0.264s] Level 1:colcon.colcon_core.package_identification:_identify(.) by extension 'colcon_meta'
[0.264s] Level 1:colcon.colcon_core.package_identification:_identify(.) by extensions ['ros']
[0.264s] Level 1:colcon.colcon_core.package_identification:_identify(.) by extension 'ros'
[0.273s] Level 1:colcon.colcon_core.package_identification:_identify(.) by extensions ['cmake', 'python']
[0.273s] Level 1:colcon.colcon_core.package_identification:_identify(.) by extension 'cmake'
[0.273s] Level 1:colcon.colcon_core.package_identification:_identify(.) by extension 'python'
[0.273s] Level 1:colcon.colcon_core.package_identification:_identify(.) by extensions ['python_setup_py']
[0.273s] Level 1:colcon.colcon_core.package_identification:_identify(.) by extension 'python_setup_py'
[0.273s] Level 1:colcon.colcon_core.package_identification:_identify(build) by extensions ['ignore', 'ignore_ament_install']
[0.273s] Level 1:colcon.colcon_core.package_identification:_identify(build) by extension 'ignore'
[0.274s] Level 1:colcon.colcon_core.package_identification:_identify(build) ignored
[0.274s] Level 1:colcon.colcon_core.package_identification:_identify(install) by extensions ['ignore', 'ignore_ament_install']
[0.274s] Level 1:colcon.colcon_core.package_identification:_identify(install) by extension 'ignore'
[0.274s] Level 1:colcon.colcon_core.package_identification:_identify(install) ignored
[0.274s] Level 1:colcon.colcon_core.package_identification:_identify(log) by extensions ['ignore', 'ignore_ament_install']
[0.274s] Level 1:colcon.colcon_core.package_identification:_identify(log) by extension 'ignore'
[0.274s] Level 1:colcon.colcon_core.package_identification:_identify(log) ignored
[0.274s] Level 1:colcon.colcon_core.package_identification:_identify(src) by extensions ['ignore', 'ignore_ament_install']
[0.274s] Level 1:colcon.colcon_core.package_identification:_identify(src) by extension 'ignore'
[0.274s] Level 1:colcon.colcon_core.package_identification:_identify(src) by extension 'ignore_ament_install'
[0.274s] Level 1:colcon.colcon_core.package_identification:_identify(src) by extensions ['colcon_pkg']
[0.274s] Level 1:colcon.colcon_core.package_identification:_identify(src) by extension 'colcon_pkg'
[0.274s] Level 1:colcon.colcon_core.package_identification:_identify(src) by extensions ['colcon_meta']
[0.274s] Level 1:colcon.colcon_core.package_identification:_identify(src) by extension 'colcon_meta'
[0.274s] Level 1:colcon.colcon_core.package_identification:_identify(src) by extensions ['ros']
[0.274s] Level 1:colcon.colcon_core.package_identification:_identify(src) by extension 'ros'
[0.274s] Level 1:colcon.colcon_core.package_identification:_identify(src) by extensions ['cmake', 'python']
[0.274s] Level 1:colcon.colcon_core.package_identification:_identify(src) by extension 'cmake'
[0.274s] Level 1:colcon.colcon_core.package_identification:_identify(src) by extension 'python'
[0.274s] Level 1:colcon.colcon_core.package_identification:_identify(src) by extensions ['python_setup_py']
[0.274s] Level 1:colcon.colcon_core.package_identification:_identify(src) by extension 'python_setup_py'
[0.274s] Level 1:colcon.colcon_core.package_identification:_identify(src/pick_and_place) by extensions ['ignore', 'ignore_ament_install']
[0.274s] Level 1:colcon.colcon_core.package_identification:_identify(src/pick_and_place) by extension 'ignore'
[0.274s] Level 1:colcon.colcon_core.package_identification:_identify(src/pick_and_place) by extension 'ignore_ament_install'
[0.274s] Level 1:colcon.colcon_core.package_identification:_identify(src/pick_and_place) by extensions ['colcon_pkg']
[0.274s] Level 1:colcon.colcon_core.package_identification:_identify(src/pick_and_place) by extension 'colcon_pkg'
[0.274s] Level 1:colcon.colcon_core.package_identification:_identify(src/pick_and_place) by extensions ['colcon_meta']
[0.274s] Level 1:colcon.colcon_core.package_identification:_identify(src/pick_and_place) by extension 'colcon_meta'
[0.274s] Level 1:colcon.colcon_core.package_identification:_identify(src/pick_and_place) by extensions ['ros']
[0.274s] Level 1:colcon.colcon_core.package_identification:_identify(src/pick_and_place) by extension 'ros'
[0.278s] DEBUG:colcon.colcon_core.package_identification:Package 'src/pick_and_place' with type 'ros.ament_cmake' and name 'pick_and_place'
[0.278s] Level 1:colcon.colcon_core.package_discovery:discover_packages(recursive) using defaults
[0.278s] Level 1:colcon.colcon_core.package_discovery:discover_packages(ignore) discover
[0.278s] Level 1:colcon.colcon_core.package_discovery:discover_packages(ignore) using defaults
[0.278s] Level 1:colcon.colcon_core.package_discovery:discover_packages(path) discover
[0.278s] Level 1:colcon.colcon_core.package_discovery:discover_packages(path) using defaults
[0.301s] Level 1:colcon.colcon_core.package_discovery:discover_packages(prefix_path) check parameters
[0.301s] Level 1:colcon.colcon_core.package_discovery:discover_packages(prefix_path) discover
[0.302s] DEBUG:colcon.colcon_installed_package_information.package_discovery:Found 0 installed packages in /home/parallels/projects/install
[0.302s] DEBUG:colcon.colcon_installed_package_information.package_discovery:Found 0 installed packages in /home/parallels/projects/pick_and_place/install
[0.303s] DEBUG:colcon.colcon_installed_package_information.package_discovery:Found 314 installed packages in /opt/ros/humble
[0.304s] Level 1:colcon.colcon_core.package_discovery:discover_packages(prefix_path) using defaults
[0.340s] Level 5:colcon.colcon_core.verb:set package 'pick_and_place' build argument 'cmake_args' from command line to 'None'
[0.340s] Level 5:colcon.colcon_core.verb:set package 'pick_and_place' build argument 'cmake_target' from command line to 'None'
[0.340s] Level 5:colcon.colcon_core.verb:set package 'pick_and_place' build argument 'cmake_target_skip_unavailable' from command line to 'False'
[0.340s] Level 5:colcon.colcon_core.verb:set package 'pick_and_place' build argument 'cmake_clean_cache' from command line to 'False'
[0.340s] Level 5:colcon.colcon_core.verb:set package 'pick_and_place' build argument 'cmake_clean_first' from command line to 'False'
[0.340s] Level 5:colcon.colcon_core.verb:set package 'pick_and_place' build argument 'cmake_force_configure' from command line to 'False'
[0.340s] Level 5:colcon.colcon_core.verb:set package 'pick_and_place' build argument 'ament_cmake_args' from command line to 'None'
[0.340s] Level 5:colcon.colcon_core.verb:set package 'pick_and_place' build argument 'catkin_cmake_args' from command line to 'None'
[0.340s] Level 5:colcon.colcon_core.verb:set package 'pick_and_place' build argument 'catkin_skip_building_tests' from command line to 'False'
[0.340s] DEBUG:colcon.colcon_core.verb:Building package 'pick_and_place' with the following arguments: {'ament_cmake_args': None, 'build_base': '/home/parallels/projects/pick_and_place/build/pick_and_place', 'catkin_cmake_args': None, 'catkin_skip_building_tests': False, 'cmake_args': None, 'cmake_clean_cache': False, 'cmake_clean_first': False, 'cmake_force_configure': False, 'cmake_target': None, 'cmake_target_skip_unavailable': False, 'install_base': '/home/parallels/projects/pick_and_place/install/pick_and_place', 'merge_install': False, 'path': '/home/parallels/projects/pick_and_place/src/pick_and_place', 'symlink_install': False, 'test_result_base': None}
[0.340s] INFO:colcon.colcon_core.executor:Executing jobs using 'parallel' executor
[0.341s] DEBUG:colcon.colcon_parallel_executor.executor.parallel:run_until_complete
[0.341s] INFO:colcon.colcon_ros.task.ament_cmake.build:Building ROS package in '/home/parallels/projects/pick_and_place/src/pick_and_place' with build type 'ament_cmake'
[0.341s] INFO:colcon.colcon_cmake.task.cmake.build:Building CMake package in '/home/parallels/projects/pick_and_place/src/pick_and_place'
[0.343s] INFO:colcon.colcon_core.plugin_system:Skipping extension 'colcon_core.shell.bat': Not used on non-Windows systems
[0.343s] INFO:colcon.colcon_core.shell:Skip shell extension 'powershell' for command environment: Not usable outside of PowerShell
[0.343s] DEBUG:colcon.colcon_core.shell:Skip shell extension 'dsv' for command environment
[0.351s] DEBUG:colcon.colcon_core.event_handler.log_command:Invoking command in '/home/parallels/projects/pick_and_place/build/pick_and_place': CMAKE_PREFIX_PATH=/opt/ros/humble /usr/bin/cmake /home/parallels/projects/pick_and_place/src/pick_and_place -DCMAKE_INSTALL_PREFIX=/home/parallels/projects/pick_and_place/install/pick_and_place
[0.863s] DEBUG:colcon.colcon_core.event_handler.log_command:Invoked command in '/home/parallels/projects/pick_and_place/build/pick_and_place' returned '0': CMAKE_PREFIX_PATH=/opt/ros/humble /usr/bin/cmake /home/parallels/projects/pick_and_place/src/pick_and_place -DCMAKE_INSTALL_PREFIX=/home/parallels/projects/pick_and_place/install/pick_and_place
[0.863s] DEBUG:colcon.colcon_core.event_handler.log_command:Invoking command in '/home/parallels/projects/pick_and_place/build/pick_and_place': CMAKE_PREFIX_PATH=/opt/ros/humble /usr/bin/cmake --build /home/parallels/projects/pick_and_place/build/pick_and_place -- -j2 -l2
[0.879s] DEBUG:colcon.colcon_core.event_handler.log_command:Invoked command in '/home/parallels/projects/pick_and_place/build/pick_and_place' returned '0': CMAKE_PREFIX_PATH=/opt/ros/humble /usr/bin/cmake --build /home/parallels/projects/pick_and_place/build/pick_and_place -- -j2 -l2
[0.893s] DEBUG:colcon.colcon_core.event_handler.log_command:Invoking command in '/home/parallels/projects/pick_and_place/build/pick_and_place': CMAKE_PREFIX_PATH=/opt/ros/humble /usr/bin/cmake --install /home/parallels/projects/pick_and_place/build/pick_and_place
[0.900s] Level 1:colcon.colcon_core.environment:create_environment_scripts_only(pick_and_place)
[0.900s] DEBUG:colcon.colcon_core.event_handler.log_command:Invoked command in '/home/parallels/projects/pick_and_place/build/pick_and_place' returned '0': CMAKE_PREFIX_PATH=/opt/ros/humble /usr/bin/cmake --install /home/parallels/projects/pick_and_place/build/pick_and_place
[0.902s] Level 1:colcon.colcon_core.environment:checking '/home/parallels/projects/pick_and_place/install/pick_and_place' for CMake module files
[0.902s] Level 1:colcon.colcon_core.environment:checking '/home/parallels/projects/pick_and_place/install/pick_and_place' for CMake config files
[0.902s] Level 1:colcon.colcon_core.shell:create_environment_hook('pick_and_place', 'cmake_prefix_path')
[0.902s] INFO:colcon.colcon_core.shell:Creating environment hook '/home/parallels/projects/pick_and_place/install/pick_and_place/share/pick_and_place/hook/cmake_prefix_path.ps1'
[0.903s] INFO:colcon.colcon_core.shell:Creating environment descriptor '/home/parallels/projects/pick_and_place/install/pick_and_place/share/pick_and_place/hook/cmake_prefix_path.dsv'
[0.904s] INFO:colcon.colcon_core.shell:Creating environment hook '/home/parallels/projects/pick_and_place/install/pick_and_place/share/pick_and_place/hook/cmake_prefix_path.sh'
[0.904s] Level 1:colcon.colcon_core.environment:checking '/home/parallels/projects/pick_and_place/install/pick_and_place/bin'
[0.904s] Level 1:colcon.colcon_core.environment:checking '/home/parallels/projects/pick_and_place/install/pick_and_place/lib/pkgconfig/pick_and_place.pc'
[0.904s] Level 1:colcon.colcon_core.environment:checking '/home/parallels/projects/pick_and_place/install/pick_and_place/lib/python3.10/site-packages'
[0.904s] Level 1:colcon.colcon_core.environment:checking '/home/parallels/projects/pick_and_place/install/pick_and_place/bin'
[0.905s] INFO:colcon.colcon_core.shell:Creating package script '/home/parallels/projects/pick_and_place/install/pick_and_place/share/pick_and_place/package.ps1'
[0.905s] INFO:colcon.colcon_core.shell:Creating package descriptor '/home/parallels/projects/pick_and_place/install/pick_and_place/share/pick_and_place/package.dsv'
[0.905s] INFO:colcon.colcon_core.shell:Creating package script '/home/parallels/projects/pick_and_place/install/pick_and_place/share/pick_and_place/package.sh'
[0.906s] INFO:colcon.colcon_core.shell:Creating package script '/home/parallels/projects/pick_and_place/install/pick_and_place/share/pick_and_place/package.bash'
[0.906s] INFO:colcon.colcon_core.shell:Creating package script '/home/parallels/projects/pick_and_place/install/pick_and_place/share/pick_and_place/package.zsh'
[0.906s] Level 1:colcon.colcon_core.environment:create_file_with_runtime_dependencies(/home/parallels/projects/pick_and_place/install/pick_and_place/share/colcon-core/packages/pick_and_place)
[0.914s] Level 1:colcon.colcon_core.environment:create_environment_scripts_only(pick_and_place)
[0.914s] Level 1:colcon.colcon_core.environment:checking '/home/parallels/projects/pick_and_place/install/pick_and_place' for CMake module files
[0.914s] Level 1:colcon.colcon_core.environment:checking '/home/parallels/projects/pick_and_place/install/pick_and_place' for CMake config files
[0.914s] Level 1:colcon.colcon_core.shell:create_environment_hook('pick_and_place', 'cmake_prefix_path')
[0.914s] INFO:colcon.colcon_core.shell:Creating environment hook '/home/parallels/projects/pick_and_place/install/pick_and_place/share/pick_and_place/hook/cmake_prefix_path.ps1'
[0.914s] INFO:colcon.colcon_core.shell:Creating environment descriptor '/home/parallels/projects/pick_and_place/install/pick_and_place/share/pick_and_place/hook/cmake_prefix_path.dsv'
[0.915s] INFO:colcon.colcon_core.shell:Creating environment hook '/home/parallels/projects/pick_and_place/install/pick_and_place/share/pick_and_place/hook/cmake_prefix_path.sh'
[0.915s] Level 1:colcon.colcon_core.environment:checking '/home/parallels/projects/pick_and_place/install/pick_and_place/bin'
[0.915s] Level 1:colcon.colcon_core.environment:checking '/home/parallels/projects/pick_and_place/install/pick_and_place/lib/pkgconfig/pick_and_place.pc'
[0.915s] Level 1:colcon.colcon_core.environment:checking '/home/parallels/projects/pick_and_place/install/pick_and_place/lib/python3.10/site-packages'
[0.915s] Level 1:colcon.colcon_core.environment:checking '/home/parallels/projects/pick_and_place/install/pick_and_place/bin'
[0.915s] INFO:colcon.colcon_core.shell:Creating package script '/home/parallels/projects/pick_and_place/install/pick_and_place/share/pick_and_place/package.ps1'
[0.915s] INFO:colcon.colcon_core.shell:Creating package descriptor '/home/parallels/projects/pick_and_place/install/pick_and_place/share/pick_and_place/package.dsv'
[0.915s] INFO:colcon.colcon_core.shell:Creating package script '/home/parallels/projects/pick_and_place/install/pick_and_place/share/pick_and_place/package.sh'
[0.916s] INFO:colcon.colcon_core.shell:Creating package script '/home/parallels/projects/pick_and_place/install/pick_and_place/share/pick_and_place/package.bash'
[0.916s] INFO:colcon.colcon_core.shell:Creating package script '/home/parallels/projects/pick_and_place/install/pick_and_place/share/pick_and_place/package.zsh'
[0.916s] Level 1:colcon.colcon_core.environment:create_file_with_runtime_dependencies(/home/parallels/projects/pick_and_place/install/pick_and_place/share/colcon-core/packages/pick_and_place)
[0.916s] DEBUG:colcon.colcon_parallel_executor.executor.parallel:closing loop
[0.916s] DEBUG:colcon.colcon_parallel_executor.executor.parallel:loop closed
[0.916s] DEBUG:colcon.colcon_parallel_executor.executor.parallel:run_until_complete finished with '0'
[0.916s] DEBUG:colcon.colcon_core.event_reactor:joining thread
[0.920s] INFO:colcon.colcon_core.plugin_system:Skipping extension 'colcon_notification.desktop_notification.terminal_notifier': Not used on non-Darwin systems
[0.920s] INFO:colcon.colcon_core.plugin_system:Skipping extension 'colcon_notification.desktop_notification.win32': Not used on non-Windows systems
[0.920s] INFO:colcon.colcon_notification.desktop_notification:Sending desktop notification using 'notify2'
[0.937s] DEBUG:colcon.colcon_core.event_reactor:joined thread
[0.937s] INFO:colcon.colcon_core.shell:Creating prefix script '/home/parallels/projects/pick_and_place/install/local_setup.ps1'
[0.937s] INFO:colcon.colcon_core.shell:Creating prefix util module '/home/parallels/projects/pick_and_place/install/_local_setup_util_ps1.py'
[0.938s] INFO:colcon.colcon_core.shell:Creating prefix chain script '/home/parallels/projects/pick_and_place/install/setup.ps1'
[0.939s] INFO:colcon.colcon_core.shell:Creating prefix script '/home/parallels/projects/pick_and_place/install/local_setup.sh'
[0.939s] INFO:colcon.colcon_core.shell:Creating prefix util module '/home/parallels/projects/pick_and_place/install/_local_setup_util_sh.py'
[0.939s] INFO:colcon.colcon_core.shell:Creating prefix chain script '/home/parallels/projects/pick_and_place/install/setup.sh'
[0.939s] INFO:colcon.colcon_core.shell:Creating prefix script '/home/parallels/projects/pick_and_place/install/local_setup.bash'
[0.940s] INFO:colcon.colcon_core.shell:Creating prefix chain script '/home/parallels/projects/pick_and_place/install/setup.bash'
[0.940s] INFO:colcon.colcon_core.shell:Creating prefix script '/home/parallels/projects/pick_and_place/install/local_setup.zsh'
[0.940s] INFO:colcon.colcon_core.shell:Creating prefix chain script '/home/parallels/projects/pick_and_place/install/setup.zsh'
